<?xml version="1.0" encoding="UTF-8"?>
<!-- Generated by org.testng.reporters.JUnitReportReporter -->
<testsuite hostname="BDC11-L-7KKDZ93" failures="0" tests="1" name="Test.RestTest1" time="4.361" errors="0" timestamp="2021-12-20T14:51:25 IST" skipped="0">
  <testcase classname="Test.RestTest1" name="GetWeatherReport" time="4.361"/>
  <system-out/>
</testsuite> <!-- Test.RestTest1 -->
