<?xml version="1.0" encoding="UTF-8"?>
<!-- Generated by org.testng.reporters.JUnitReportReporter -->
<testsuite hostname="BDC11-L-7KKDZ93" failures="0" tests="1" name="Test.Task3" time="2.689" errors="0" timestamp="2021-12-21T20:59:43 IST" skipped="0">
  <testcase classname="Test.Task3" name="verifyBody" time="2.689"/>
  <system-out/>
</testsuite> <!-- Test.Task3 -->
