<?xml version="1.0" encoding="UTF-8"?>
<!-- Generated by org.testng.reporters.JUnitReportReporter -->
<testsuite hostname="BDC11-L-7KKDZ93" failures="0" tests="1" name="tests.FrameTest" time="18.318" errors="0" timestamp="2021-12-29T17:01:39 IST" skipped="0">
  <testcase classname="tests.FrameTest" name="Test" time="18.318"/>
  <system-out/>
</testsuite> <!-- tests.FrameTest -->
