<?xml version="1.0" encoding="UTF-8"?>
<!-- Generated by org.testng.reporters.JUnitReportReporter -->
<testsuite hostname="BDC11-L-7KKDZ93" failures="0" tests="1" name="Test.Task1" time="3.216" errors="0" timestamp="2021-12-20T14:59:04 IST" skipped="0">
  <testcase classname="Test.Task1" name="GetWeatherReport" time="3.216"/>
  <system-out/>
</testsuite> <!-- Test.Task1 -->
