<?xml version="1.0" encoding="UTF-8"?>
<!-- Generated by org.testng.reporters.JUnitReportReporter -->
<testsuite hostname="BDC11-L-7KKDZ93" failures="0" tests="1" name="tests.LoginTest" time="18.857" errors="0" timestamp="2021-12-29T16:38:05 IST" skipped="0">
  <testcase classname="tests.LoginTest" name="Test" time="18.857"/>
  <system-out/>
</testsuite> <!-- tests.LoginTest -->
