<?xml version="1.0" encoding="UTF-8"?>
<!-- Generated by org.testng.reporters.JUnitReportReporter -->
<testsuite hostname="BDC11-L-7KKDZ93" failures="0" tests="5" name="tests.CalculatorTest" time="0.019" errors="0" timestamp="2021-12-30T16:28:37 IST" skipped="0">
  <testcase classname="tests.CalculatorTest" name="testPower" time="0.004"/>
  <system-out/>
  <testcase classname="tests.CalculatorTest" name="testSqrt" time="0.002"/>
  <system-out/>
  <testcase classname="tests.CalculatorTest" name="testSubtract" time="0.001"/>
  <system-out/>
  <testcase classname="tests.CalculatorTest" name="testMultiply" time="0.001"/>
  <system-out/>
  <testcase classname="tests.CalculatorTest" name="testAdd" time="0.011"/>
  <system-out/>
</testsuite> <!-- tests.CalculatorTest -->
