<?xml version="1.0" encoding="UTF-8"?>
<!-- Generated by org.testng.reporters.JUnitReportReporter -->
<testsuite hostname="BDC11-L-7KKDZ93" failures="0" tests="1" name="Test.Task2" time="3.307" errors="0" timestamp="2021-12-20T15:10:57 IST" skipped="0">
  <testcase classname="Test.Task2" name="verifyHeader" time="3.307"/>
  <system-out/>
</testsuite> <!-- Test.Task2 -->
